# JRE version: Java(TM) SE Runtime Environment (8.0_201-b09) (build 1.8.0_201-b09)
# Java VM: Java HotSpot(TM) 64-Bit Server VM (25.201-b09 mixed mode windows-amd64 compressed oops)
Heap:
 PSYoungGen      total 65024K, used 46588K [0x00000000f9c00000, 0x00000000ffd80000, 0x0000000100000000)
  eden space 50688K, 73% used [0x00000000f9c00000,0x00000000fc073bd0,0x00000000fcd80000)
  from space 14336K, 64% used [0x00000000fcd80000,0x00000000fd68b450,0x00000000fdb80000)
  to   space 14336K, 0% used [0x00000000fdb80000,0x00000000fdb80000,0x00000000fe980000)
 ParOldGen       total 136704K, used 14973K [0x00000000ed400000, 0x00000000f5980000, 0x00000000f9c00000)
  object space 136704K, 10% used [0x00000000ed400000,0x00000000ee29f5a0,0x00000000f5980000)
 Metaspace       used 24124K, capacity 24710K, committed 24960K, reserved 1071104K
  class space    used 2781K, capacity 2936K, committed 2944K, reserved 1048576K
GC Heap History (10 events):
Event: 4.590 GC heap before
{Heap before GC invocations=4 (full 0):
 PSYoungGen      total 59904K, used 59898K [0x00000000f9c00000, 0x00000000fde80000, 0x0000000100000000)
  eden space 51712K, 100% used [0x00000000f9c00000,0x00000000fce80000,0x00000000fce80000)
  from space 8192K, 99% used [0x00000000fce80000,0x00000000fd67e830,0x00000000fd680000)
  to   space 8192K, 0% used [0x00000000fd680000,0x00000000fd680000,0x00000000fde80000)
 ParOldGen       total 136704K, used 2556K [0x00000000ed400000, 0x00000000f5980000, 0x00000000f9c00000)
  object space 136704K, 1% used [0x00000000ed400000,0x00000000ed67f0b0,0x00000000f5980000)
 Metaspace       used 17360K, capacity 17816K, committed 18048K, reserved 1064960K
  class space    used 2019K, capacity 2128K, committed 2176K, reserved 1048576K
Event: 4.597 GC heap after
Heap after GC invocations=4 (full 0):
 PSYoungGen      total 59904K, used 8185K [0x00000000f9c00000, 0x00000000fde80000, 0x0000000100000000)
  eden space 51712K, 0% used [0x00000000f9c00000,0x00000000f9c00000,0x00000000fce80000)
  from space 8192K, 99% used [0x00000000fd680000,0x00000000fde7e430,0x00000000fde80000)
  to   space 8192K, 0% used [0x00000000fce80000,0x00000000fce80000,0x00000000fd680000)
 ParOldGen       total 136704K, used 5849K [0x00000000ed400000, 0x00000000f5980000, 0x00000000f9c00000)
  object space 136704K, 4% used [0x00000000ed400000,0x00000000ed9b6618,0x00000000f5980000)
 Metaspace       used 17360K, capacity 17816K, committed 18048K, reserved 1064960K
  class space    used 2019K, capacity 2128K, committed 2176K, reserved 1048576K
}
Event: 5.235 GC heap before
{Heap before GC invocations=5 (full 0):
 PSYoungGen      total 59904K, used 55504K [0x00000000f9c00000, 0x00000000fde80000, 0x0000000100000000)
  eden space 51712K, 91% used [0x00000000f9c00000,0x00000000fca35d38,0x00000000fce80000)
  from space 8192K, 99% used [0x00000000fd680000,0x00000000fde7e430,0x00000000fde80000)
  to   space 8192K, 0% used [0x00000000fce80000,0x00000000fce80000,0x00000000fd680000)
 ParOldGen       total 136704K, used 5849K [0x00000000ed400000, 0x00000000f5980000, 0x00000000f9c00000)
  object space 136704K, 4% used [0x00000000ed400000,0x00000000ed9b6618,0x00000000f5980000)
 Metaspace       used 20566K, capacity 21090K, committed 21296K, reserved 1069056K
  class space    used 2395K, capacity 2561K, committed 2688K, reserved 1048576K
Event: 5.243 GC heap after
Heap after GC invocations=5 (full 0):
 PSYoungGen      total 58880K, used 8185K [0x00000000f9c00000, 0x00000000fe980000, 0x0000000100000000)
  eden space 50688K, 0% used [0x00000000f9c00000,0x00000000f9c00000,0x00000000fcd80000)
  from space 8192K, 99% used [0x00000000fce80000,0x00000000fd67e430,0x00000000fd680000)
  to   space 14336K, 0% used [0x00000000fdb80000,0x00000000fdb80000,0x00000000fe980000)
 ParOldGen       total 136704K, used 10111K [0x00000000ed400000, 0x00000000f5980000, 0x00000000f9c00000)
  object space 136704K, 7% used [0x00000000ed400000,0x00000000edddfe00,0x00000000f5980000)
 Metaspace       used 20566K, capacity 21090K, committed 21296K, reserved 1069056K
  class space    used 2395K, capacity 2561K, committed 2688K, reserved 1048576K
}
Event: 5.243 GC heap before
{Heap before GC invocations=6 (full 1):
 PSYoungGen      total 58880K, used 8185K [0x00000000f9c00000, 0x00000000fe980000, 0x0000000100000000)
  eden space 50688K, 0% used [0x00000000f9c00000,0x00000000f9c00000,0x00000000fcd80000)
  from space 8192K, 99% used [0x00000000fce80000,0x00000000fd67e430,0x00000000fd680000)
  to   space 14336K, 0% used [0x00000000fdb80000,0x00000000fdb80000,0x00000000fe980000)
 ParOldGen       total 136704K, used 10111K [0x00000000ed400000, 0x00000000f5980000, 0x00000000f9c00000)
  object space 136704K, 7% used [0x00000000ed400000,0x00000000edddfe00,0x00000000f5980000)
 Metaspace       used 20566K, capacity 21090K, committed 21296K, reserved 1069056K
  class space    used 2395K, capacity 2561K, committed 2688K, reserved 1048576K
Event: 5.297 GC heap after
Heap after GC invocations=6 (full 1):
 PSYoungGen      total 58880K, used 0K [0x00000000f9c00000, 0x00000000fe980000, 0x0000000100000000)
  eden space 50688K, 0% used [0x00000000f9c00000,0x00000000f9c00000,0x00000000fcd80000)
  from space 8192K, 0% used [0x00000000fce80000,0x00000000fce80000,0x00000000fd680000)
  to   space 14336K, 0% used [0x00000000fdb80000,0x00000000fdb80000,0x00000000fe980000)
 ParOldGen       total 136704K, used 14893K [0x00000000ed400000, 0x00000000f5980000, 0x00000000f9c00000)
  object space 136704K, 10% used [0x00000000ed400000,0x00000000ee28b590,0x00000000f5980000)
 Metaspace       used 20566K, capacity 21090K, committed 21296K, reserved 1069056K
  class space    used 2395K, capacity 2561K, committed 2688K, reserved 1048576K
}
Event: 6.642 GC heap before
{Heap before GC invocations=7 (full 1):
 PSYoungGen      total 58880K, used 50688K [0x00000000f9c00000, 0x00000000fe980000, 0x0000000100000000)
  eden space 50688K, 100% used [0x00000000f9c00000,0x00000000fcd80000,0x00000000fcd80000)
  from space 8192K, 0% used [0x00000000fce80000,0x00000000fce80000,0x00000000fd680000)
  to   space 14336K, 0% used [0x00000000fdb80000,0x00000000fdb80000,0x00000000fe980000)
 ParOldGen       total 136704K, used 14893K [0x00000000ed400000, 0x00000000f5980000, 0x00000000f9c00000)
  object space 136704K, 10% used [0x00000000ed400000,0x00000000ee28b590,0x00000000f5980000)
 Metaspace       used 24077K, capacity 24710K, committed 24960K, reserved 1071104K
  class space    used 2781K, capacity 2936K, committed 2944K, reserved 1048576K
Event: 6.648 GC heap after
Heap after GC invocations=7 (full 1):
 PSYoungGen      total 65024K, used 6554K [0x00000000f9c00000, 0x00000000ffd80000, 0x0000000100000000)
  eden space 50688K, 0% used [0x00000000f9c00000,0x00000000f9c00000,0x00000000fcd80000)
  from space 14336K, 45% used [0x00000000fdb80000,0x00000000fe1e68b0,0x00000000fe980000)
  to   space 14336K, 0% used [0x00000000fcd80000,0x00000000fcd80000,0x00000000fdb80000)
 ParOldGen       total 136704K, used 14965K [0x00000000ed400000, 0x00000000f5980000, 0x00000000f9c00000)
  object space 136704K, 10% used [0x00000000ed400000,0x00000000ee29d5a0,0x00000000f5980000)
 Metaspace       used 24077K, capacity 24710K, committed 24960K, reserved 1071104K
  class space    used 2781K, capacity 2936K, committed 2944K, reserved 1048576K
}
Event: 6.780 GC heap before
{Heap before GC invocations=8 (full 1):
 PSYoungGen      total 65024K, used 57242K [0x00000000f9c00000, 0x00000000ffd80000, 0x0000000100000000)
  eden space 50688K, 100% used [0x00000000f9c00000,0x00000000fcd80000,0x00000000fcd80000)
  from space 14336K, 45% used [0x00000000fdb80000,0x00000000fe1e68b0,0x00000000fe980000)
  to   space 14336K, 0% used [0x00000000fcd80000,0x00000000fcd80000,0x00000000fdb80000)
 ParOldGen       total 136704K, used 14965K [0x00000000ed400000, 0x00000000f5980000, 0x00000000f9c00000)
  object space 136704K, 10% used [0x00000000ed400000,0x00000000ee29d5a0,0x00000000f5980000)
 Metaspace       used 24116K, capacity 24710K, committed 24960K, reserved 1071104K
  class space    used 2781K, capacity 2936K, committed 2944K, reserved 1048576K
Event: 6.784 GC heap after
Heap after GC invocations=8 (full 1):
 PSYoungGen      total 65024K, used 9261K [0x00000000f9c00000, 0x00000000ffd80000, 0x0000000100000000)
  eden space 50688K, 0% used [0x00000000f9c00000,0x00000000f9c00000,0x00000000fcd80000)
  from space 14336K, 64% used [0x00000000fcd80000,0x00000000fd68b450,0x00000000fdb80000)
  to   space 14336K, 0% used [0x00000000fdb80000,0x00000000fdb80000,0x00000000fe980000)
 ParOldGen       total 136704K, used 14973K [0x00000000ed400000, 0x00000000f5980000, 0x00000000f9c00000)
  object space 136704K, 10% used [0x00000000ed400000,0x00000000ee29f5a0,0x00000000f5980000)
 Metaspace       used 24116K, capacity 24710K, committed 24960K, reserved 1071104K
  class space    used 2781K, capacity 2936K, committed 2944K, reserved 1048576K
}

